NFC SDK v2.1.6/GCNFCDemo(V2.2.3)/GCNFCDemo(v3.0.1)/GCNFCDemo_New/app/build/intermediates/manifest_merge_blame_file/release/manifest-merger-blame-release-report.txt
1<?xml version="1.0" encoding="utf-8"?>
2<manifest xmlns:android="http://schemas.android.com/apk/res/android"
3    package="com.goodcom.gcnfcdemo"
4    android:versionCode="301"
5    android:versionName="V3.0.1" >
6
7    <uses-sdk
8        android:minSdkVersion="22"
8-->src\main\AndroidManifest.xml
9        android:targetSdkVersion="29" />
9-->src\main\AndroidManifest.xml
10
11    <application
11-->src\main\AndroidManifest.xml:6:5-72:19
12        android:allowBackup="true"
12-->src\main\AndroidManifest.xml:7:9-35
13        android:icon="@drawable/ic_launcher"
13-->src\main\AndroidManifest.xml:8:9-45
14        android:label="@string/app_name"
14-->src\main\AndroidManifest.xml:9:9-41
15        android:theme="@style/AppTheme" >
15-->src\main\AndroidManifest.xml:10:9-40
16        <activity
16-->src\main\AndroidManifest.xml:11:9-21:20
17            android:name="com.goodcom.gcnfcdemo.NFCActivity"
17-->src\main\AndroidManifest.xml:12:13-40
18            android:excludeFromRecents="true"
18-->src\main\AndroidManifest.xml:14:13-46
19            android:label="@string/app_name" >
19-->src\main\AndroidManifest.xml:13:13-45
20
21            <!-- android:noHistory="true" -->
22            <intent-filter>
22-->src\main\AndroidManifest.xml:16:13-20:29
23                <action android:name="android.intent.action.MAIN" />
23-->src\main\AndroidManifest.xml:17:17-69
23-->src\main\AndroidManifest.xml:17:25-66
24
25                <category android:name="android.intent.category.LAUNCHER" />
25-->src\main\AndroidManifest.xml:19:17-77
25-->src\main\AndroidManifest.xml:19:27-74
26            </intent-filter>
27        </activity>
28        <activity
28-->src\main\AndroidManifest.xml:22:9-25:20
29            android:name="com.goodcom.gcnfcdemo.MF0Activity"
29-->src\main\AndroidManifest.xml:23:13-40
30            android:label="@string/title_activity_mf0" >
30-->src\main\AndroidManifest.xml:24:13-55
31        </activity>
32        <activity
32-->src\main\AndroidManifest.xml:26:9-29:20
33            android:name="com.goodcom.gcnfcdemo.NFC_Read"
33-->src\main\AndroidManifest.xml:27:13-37
34            android:label="@string/title_activity_nfc__read" >
34-->src\main\AndroidManifest.xml:28:13-61
35        </activity>
36        <activity
36-->src\main\AndroidManifest.xml:30:9-33:20
37            android:name="com.goodcom.gcnfcdemo.NFC_Write"
37-->src\main\AndroidManifest.xml:31:13-38
38            android:label="@string/title_activity_nfc__write" >
38-->src\main\AndroidManifest.xml:32:13-62
39        </activity>
40        <activity
40-->src\main\AndroidManifest.xml:34:9-37:20
41            android:name="com.goodcom.gcnfcdemo.MF1Activity"
41-->src\main\AndroidManifest.xml:35:13-40
42            android:label="@string/title_activity_mf1" >
42-->src\main\AndroidManifest.xml:36:13-55
43        </activity>
44        <activity
44-->src\main\AndroidManifest.xml:38:9-41:20
45            android:name="com.goodcom.gcnfcdemo.Mifare_Write"
45-->src\main\AndroidManifest.xml:39:13-41
46            android:label="@string/title_activity_mifare__write" >
46-->src\main\AndroidManifest.xml:40:13-65
47        </activity>
48        <activity
48-->src\main\AndroidManifest.xml:42:9-45:20
49            android:name="com.goodcom.gcnfcdemo.Mifare_Read"
49-->src\main\AndroidManifest.xml:43:13-40
50            android:label="@string/title_activity_mifare__read" >
50-->src\main\AndroidManifest.xml:44:13-64
51        </activity>
52        <activity
52-->src\main\AndroidManifest.xml:46:9-49:20
53            android:name="com.goodcom.gcnfcdemo.E_Wallet"
53-->src\main\AndroidManifest.xml:47:13-37
54            android:label="@string/title_activity_e__wallet" >
54-->src\main\AndroidManifest.xml:48:13-61
55        </activity>
56        <activity
56-->src\main\AndroidManifest.xml:50:9-53:20
57            android:name="com.goodcom.gcnfcdemo.Active"
57-->src\main\AndroidManifest.xml:51:13-35
58            android:label="@string/title_activity_active" >
58-->src\main\AndroidManifest.xml:52:13-58
59        </activity>
60        <activity
60-->src\main\AndroidManifest.xml:54:9-57:20
61            android:name="com.goodcom.gcnfcdemo.Balance"
61-->src\main\AndroidManifest.xml:55:13-36
62            android:label="@string/title_activity_balance" >
62-->src\main\AndroidManifest.xml:56:13-59
63        </activity>
64        <activity
64-->src\main\AndroidManifest.xml:58:9-61:20
65            android:name="com.goodcom.gcnfcdemo.Charge"
65-->src\main\AndroidManifest.xml:59:13-35
66            android:label="@string/title_activity_charge" >
66-->src\main\AndroidManifest.xml:60:13-58
67        </activity>
68        <activity
68-->src\main\AndroidManifest.xml:62:9-65:20
69            android:name="com.goodcom.gcnfcdemo.Payment"
69-->src\main\AndroidManifest.xml:63:13-36
70            android:label="@string/title_activity_payment" >
70-->src\main\AndroidManifest.xml:64:13-59
71        </activity>
72        <activity
72-->src\main\AndroidManifest.xml:66:9-69:20
73            android:name="com.goodcom.gcnfcdemo.SmartCardActivity"
73-->src\main\AndroidManifest.xml:67:13-46
74            android:label="@string/title_activity_smart_card" >
74-->src\main\AndroidManifest.xml:68:13-62
75        </activity>
76        <activity android:name="com.goodcom.gcnfcdemo.MF3_Desfire_Activity" />
76-->src\main\AndroidManifest.xml:71:9-67
76-->src\main\AndroidManifest.xml:71:19-55
77    </application>
78
79</manifest>